<?xml version="1.0" encoding="UTF-8"?>
<!-- Generated by org.testng.reporters.JUnitReportReporter -->
<testsuite hostname="DESKTOP-OEDJJGO" failures="0" tests="1" name="DataIngestors.test012abilitytobealerted" time="38.008" errors="0" timestamp="26 Jun 2021 07:55:36 GMT" skipped="0">
  <testcase classname="DataIngestors.test012abilitytobealerted" name="INNSIGHTLogin" time="38.008"/>
</testsuite> <!-- DataIngestors.test012abilitytobealerted -->
