<?xml version="1.0" encoding="UTF-8"?>
<!-- Generated by org.testng.reporters.JUnitReportReporter -->
<testsuite hostname="DESKTOP-OEDJJGO" failures="0" tests="1" name="DataIngestors.test006bMultiplekeywordsbooleanquery" time="82.789" errors="0" timestamp="25 Jun 2021 17:18:35 GMT" skipped="0">
  <testcase classname="DataIngestors.test006bMultiplekeywordsbooleanquery" name="INNSIGHTLogin" time="82.789"/>
</testsuite> <!-- DataIngestors.test006bMultiplekeywordsbooleanquery -->
