<?xml version="1.0" encoding="UTF-8"?>
<!-- Generated by org.testng.reporters.JUnitReportReporter -->
<testsuite hostname="DESKTOP-OEDJJGO" failures="0" tests="2" name="DataIngestors.test001supportCrawlingandScraping" time="156.014" errors="0" timestamp="2021-07-19T13:36:55 IST" skipped="0">
  <testcase classname="DataIngestors.test001supportCrawlingandScraping" name="INNSIGHTLogin" time="27.291"/>
  <system-out/>
  <testcase classname="DataIngestors.test001supportCrawlingandScraping" name="supportCrawlingandScraping" time="128.723"/>
  <system-out/>
</testsuite> <!-- DataIngestors.test001supportCrawlingandScraping -->
