<?xml version="1.0" encoding="UTF-8"?>
<!-- Generated by org.testng.reporters.JUnitReportReporter -->
<testsuite hostname="DESKTOP-OEDJJGO" failures="0" tests="1" name="DataIngestors.test011queriedcontentrealtime" time="38.408" errors="0" timestamp="26 Jun 2021 07:42:46 GMT" skipped="0">
  <testcase classname="DataIngestors.test011queriedcontentrealtime" name="INNSIGHTLogin" time="38.408"/>
</testsuite> <!-- DataIngestors.test011queriedcontentrealtime -->
