<?xml version="1.0" encoding="UTF-8"?>
<!-- Generated by org.testng.reporters.JUnitReportReporter -->
<testsuite hostname="DESKTOP-OEDJJGO" failures="0" tests="1" name="DataIngestors.Test019CrawlingManagement" time="79.208" errors="0" timestamp="2021-07-14T22:49:35 IST" skipped="0">
  <testcase classname="DataIngestors.Test019CrawlingManagement" name="CrawlingManagement" time="79.208"/>
  <system-out/>
</testsuite> <!-- DataIngestors.Test019CrawlingManagement -->
