<?xml version="1.0" encoding="UTF-8"?>
<!-- Generated by org.testng.reporters.JUnitReportReporter -->
<testsuite hostname="DESKTOP-OEDJJGO" failures="0" tests="2" name="CAIRTestCases.test005abilityquerydatafromwebsites" time="57.750" errors="0" timestamp="2021-07-19T14:31:20 IST" skipped="0">
  <testcase classname="CAIRTestCases.test005abilityquerydatafromwebsites" name="INNSIGHTLogin" time="25.117"/>
  <system-out/>
  <testcase classname="CAIRTestCases.test005abilityquerydatafromwebsites" name="MultipleSocialMediaHandles" time="32.633"/>
  <system-out/>
</testsuite> <!-- CAIRTestCases.test005abilityquerydatafromwebsites -->
