<?xml version="1.0" encoding="UTF-8"?>
<!-- Generated by org.testng.reporters.JUnitReportReporter -->
<testsuite hostname="DESKTOP-OEDJJGO" failures="0" tests="1" name="DataIngestors.test008contentfromsurfaceweb" time="41.578" errors="0" timestamp="26 Jun 2021 05:30:07 GMT" skipped="0">
  <testcase classname="DataIngestors.test008contentfromsurfaceweb" name="INNSIGHTLogin" time="41.578"/>
</testsuite> <!-- DataIngestors.test008contentfromsurfaceweb -->
