<?xml version="1.0" encoding="UTF-8"?>
<!-- Generated by org.testng.reporters.JUnitReportReporter -->
<testsuite hostname="DESKTOP-OEDJJGO" failures="0" tests="1" name="DataIngestors.test007AddAvtar" time="29.840" errors="0" timestamp="26 Jun 2021 07:06:35 GMT" skipped="0">
  <testcase classname="DataIngestors.test007AddAvtar" name="INNSIGHTLogin" time="29.840"/>
</testsuite> <!-- DataIngestors.test007AddAvtar -->
