<?xml version="1.0" encoding="UTF-8"?>
<!-- Generated by org.testng.reporters.JUnitReportReporter -->
<testsuite hostname="DESKTOP-OEDJJGO" failures="0" tests="2" name="CAIRTestCases.Test004systemshouldsupportTwitterstreamingAPI" time="89.338" errors="0" timestamp="2021-07-19T14:25:55 IST" skipped="0">
  <testcase classname="CAIRTestCases.Test004systemshouldsupportTwitterstreamingAPI" name="INNSIGHTLogin" time="24.229"/>
  <system-out/>
  <testcase classname="CAIRTestCases.Test004systemshouldsupportTwitterstreamingAPI" name="MultipleSocialMediaHandles" time="65.109"/>
  <system-out/>
</testsuite> <!-- CAIRTestCases.Test004systemshouldsupportTwitterstreamingAPI -->
