<?xml version="1.0" encoding="UTF-8"?>
<!-- Generated by org.testng.reporters.JUnitReportReporter -->
<testsuite hostname="DESKTOP-OEDJJGO" failures="0" tests="1" name="DataIngestors.test006cMultipleSocialmediahandles" time="31.475" errors="0" timestamp="25 Jun 2021 17:28:16 GMT" skipped="0">
  <testcase classname="DataIngestors.test006cMultipleSocialmediahandles" name="INNSIGHTLogin" time="31.475"/>
</testsuite> <!-- DataIngestors.test006cMultipleSocialmediahandles -->
